<?xml version="1.0" encoding="UTF-8"?>
<testng-results skipped="0" failed="0" total="1" passed="1">
  <reporter-output>
  </reporter-output>
  <suite name="Default suite" duration-ms="1769" started-at="2020-01-06T15:31:47Z" finished-at="2020-01-06T15:31:49Z">
    <groups>
    </groups>
    <test name="Default test" duration-ms="1769" started-at="2020-01-06T15:31:47Z" finished-at="2020-01-06T15:31:49Z">
      <class name="net.ExcelColor">
        <test-method status="PASS" signature="testExcelColor()[pri:0, instance:net.ExcelColor@21213b92]" name="testExcelColor" duration-ms="1751" started-at="2020-01-06T16:31:47Z" finished-at="2020-01-06T16:31:49Z">
          <reporter-output>
          </reporter-output>
        </test-method> <!-- testExcelColor -->
      </class> <!-- net.ExcelColor -->
    </test> <!-- Default test -->
  </suite> <!-- Default suite -->
</testng-results>
